2024-11-28 11:09:39,982 INFO o.a.j.u.JMeterUtils: Setting Locale to en_EN
2024-11-28 11:09:40,014 INFO o.a.j.JMeter: Loading user properties from: user.properties
2024-11-28 11:09:40,014 INFO o.a.j.JMeter: Loading system properties from: system.properties
2024-11-28 11:09:40,034 INFO o.a.j.JMeter: Copyright (c) 1998-2024 The Apache Software Foundation
2024-11-28 11:09:40,034 INFO o.a.j.JMeter: Version 5.6.3
2024-11-28 11:09:40,034 INFO o.a.j.JMeter: java.version=23.0.1
2024-11-28 11:09:40,034 INFO o.a.j.JMeter: java.vm.name=Java HotSpot(TM) 64-Bit Server VM
2024-11-28 11:09:40,034 INFO o.a.j.JMeter: os.name=Windows 11
2024-11-28 11:09:40,034 INFO o.a.j.JMeter: os.arch=amd64
2024-11-28 11:09:40,034 INFO o.a.j.JMeter: os.version=10.0
2024-11-28 11:09:40,034 INFO o.a.j.JMeter: file.encoding=UTF-8
2024-11-28 11:09:40,035 INFO o.a.j.JMeter: java.awt.headless=null
2024-11-28 11:09:40,035 INFO o.a.j.JMeter: Max memory     =1073741824
2024-11-28 11:09:40,035 INFO o.a.j.JMeter: Available Processors =8
2024-11-28 11:09:40,052 INFO o.a.j.JMeter: Default Locale=English (EN)
2024-11-28 11:09:40,052 INFO o.a.j.JMeter: JMeter  Locale=English (EN)
2024-11-28 11:09:40,053 INFO o.a.j.JMeter: JMeterHome=C:\Users\amrpriyt\Downloads\apache-jmeter-5.6.3\apache-jmeter-5.6.3
2024-11-28 11:09:40,053 INFO o.a.j.JMeter: user.dir  =C:\Users\amrpriyt\Downloads\apache-jmeter-5.6.3\apache-jmeter-5.6.3\bin
2024-11-28 11:09:40,053 INFO o.a.j.JMeter: PWD       =C:\Users\amrpriyt\Downloads\apache-jmeter-5.6.3\apache-jmeter-5.6.3\bin
2024-11-28 11:09:40,058 INFO o.a.j.JMeter: IP: 10.203.101.156 Name: WKWEJ684220410 FullName: WKWEJ684220410.global.publicisgroupe.net
2024-11-28 11:09:40,061 INFO o.a.j.JMeter: Loaded icon properties from org/apache/jmeter/images/icon.properties
2024-11-28 11:09:40,269 INFO o.a.j.JMeterGuiLauncher: Setting LAF to: com.github.weisj.darklaf.DarkLaf:com.github.weisj.darklaf.theme.DarculaTheme
2024-11-28 11:09:47,505 INFO o.a.j.g.a.t.TemplateManager: Reading templates from: C:\Users\amrpriyt\Downloads\apache-jmeter-5.6.3\apache-jmeter-5.6.3\bin\templates\templates.xml
2024-11-28 11:09:53,238 INFO o.a.j.g.a.Load: Loading file: C:\Users\amrpriyt\Downloads\apache-jmeter-5.6.3\apache-jmeter-5.6.3\bin\templates\recording-with-think-time.jmx
2024-11-28 11:09:53,539 INFO o.a.j.s.SaveService: Testplan (JMX) version: 2.2. Testlog (JTL) version: 2.2
2024-11-28 11:09:53,574 INFO o.a.j.s.SaveService: Using SaveService properties version 5.0
2024-11-28 11:09:53,574 INFO o.a.j.s.SaveService: Using SaveService properties file encoding UTF-8
2024-11-28 11:09:53,574 INFO o.a.j.s.SaveService: Loading file: C:\Users\amrpriyt\Downloads\apache-jmeter-5.6.3\apache-jmeter-5.6.3\bin\templates\recording-with-think-time.jmx
2024-11-28 11:09:53,590 INFO o.a.j.p.h.c.CookieManager: Settings: Delete null: true Check: true Allow variable: true Save: false Prefix: COOKIE_
2024-11-28 11:09:53,930 INFO o.a.j.e.KeyToolUtils: keytool found at 'keytool'
2024-11-28 11:09:53,930 INFO o.a.j.p.h.p.ProxyControl: HTTP(S) Test Script Recorder SSL Proxy will use keys that support embedded 3rd party resources in file C:\Users\amrpriyt\Downloads\apache-jmeter-5.6.3\apache-jmeter-5.6.3\bin\proxyserver.jks
2024-11-28 11:09:53,954 INFO o.a.j.p.h.s.HTTPSamplerBase: Parser for text/html is org.apache.jmeter.protocol.http.parser.LagartoBasedHtmlParser
2024-11-28 11:09:53,954 INFO o.a.j.p.h.s.HTTPSamplerBase: Parser for application/xhtml+xml is org.apache.jmeter.protocol.http.parser.LagartoBasedHtmlParser
2024-11-28 11:09:53,954 INFO o.a.j.p.h.s.HTTPSamplerBase: Parser for application/xml is org.apache.jmeter.protocol.http.parser.LagartoBasedHtmlParser
2024-11-28 11:09:53,954 INFO o.a.j.p.h.s.HTTPSamplerBase: Parser for text/xml is org.apache.jmeter.protocol.http.parser.LagartoBasedHtmlParser
2024-11-28 11:09:53,954 INFO o.a.j.p.h.s.HTTPSamplerBase: Parser for text/vnd.wap.wml is org.apache.jmeter.protocol.http.parser.RegexpHTMLParser
2024-11-28 11:09:53,954 INFO o.a.j.p.h.s.HTTPSamplerBase: Parser for text/css is org.apache.jmeter.protocol.http.parser.CssParser
2024-11-28 11:09:54,191 INFO o.a.j.s.SampleResult: Note: Sample TimeStamps are START times
2024-11-28 11:09:54,191 INFO o.a.j.s.SampleResult: sampleresult.default.encoding is set to UTF-8
2024-11-28 11:09:54,191 INFO o.a.j.s.SampleResult: sampleresult.useNanoTime=true
2024-11-28 11:09:54,191 INFO o.a.j.s.SampleResult: sampleresult.nanoThreadSleep=5000
2024-11-28 11:10:05,472 INFO o.a.j.e.u.CompoundVariable: Note: Function class names must contain the string: '.functions.'
2024-11-28 11:10:05,472 INFO o.a.j.e.u.CompoundVariable: Note: Function class names must not contain the string: '.gui.'
2024-11-28 11:10:05,602 INFO o.a.j.p.h.p.ProxyControl: Creating HTTP(S) Test Script Recorder Root CA in C:\Users\amrpriyt\Downloads\apache-jmeter-5.6.3\apache-jmeter-5.6.3\bin\proxyserver.jks, ensure you install certificate in your Browser for recording
2024-11-28 11:10:12,157 INFO o.a.j.p.h.p.ProxyControl: Created keystore in C:\Users\amrpriyt\Downloads\apache-jmeter-5.6.3\apache-jmeter-5.6.3\bin\proxyserver.jks
2024-11-28 11:10:12,313 INFO o.a.j.s.FileServer: Default base='C:\Users\amrpriyt\Downloads\apache-jmeter-5.6.3\apache-jmeter-5.6.3\bin'
2024-11-28 11:10:12,313 INFO o.a.j.p.h.p.Daemon: Creating Daemon Socket on port: 8888
2024-11-28 11:10:12,327 INFO o.a.j.p.h.p.Daemon: Test Script Recorder up and running!
2024-11-28 11:13:25,030 INFO o.a.j.p.h.p.Daemon: HTTP(S) Test Script Recorder stopped
